2023-05-25 13:19:19	INFO	task_tracker/task_tracker_api_test.go:47	config: {{{task_tracker_1 chendu_task_tracke_c1 cluster chengdu} ns_group 0.0.0.0:8611} {info} {10.80.8.113:6831} {10000 300 http} {192.168.2.98:8613} {192.168.2.98:8612} {b9319d14e6795244645968ae4a83f0903518af3836c48f6d0ce9460bc815bc16 SEC319c35ae4bdc94d2c54752aeba9d3a8476786c265d83f348249b406558284df6} {kepler 10.80.7.25:27017 mt 123456 5} {10.80.7.28:7001,10.80.7.30:7001 kepler123456 10.80.7.28:7001,10.80.7.30:7001 kepler123456} {kepler}},  schedulerUrl: 192.168.2.98:8612
2023-05-25 13:19:20	INFO	processor/check_rep_processor.go:33	----init search replicate order num: 0 repChanSize:102400
2023-05-25 13:19:20	INFO	processor/replicate_porcessor.go:32	----init replicate order total_num: 0 rep_fail order_num: 0 upload finish order_num: 0 repChanSize:102400
2023-05-25 13:19:20	INFO	processor/delete_processor.go:30	----init delete order num: 0 deleteChanSize:102400
2023-05-25 13:19:20	INFO	processor/charge_processor.go:34	----init charge order num: 0 chanSize:102400
2023-05-25 13:19:20	INFO	processor/piece_fid_processor.go:74	init redis cluster success
2023-05-25 13:19:20	INFO	statemachine/order_create.go:56	 create_upload_order, order_id: 35480f9c-4ca7-43ee-9813-7cfec1c7ebc7, status: 1, update_time: 1684991960387
2023-05-25 13:19:22	INFO	statemachine/order_create.go:56	 create_upload_order, order_id: 8c88621b-bca9-4d30-9fad-12aaad2af56d, status: 1, update_time: 1684991962397
2023-05-25 13:19:24	INFO	statemachine/order_create.go:56	 create_upload_order, order_id: c4683d9c-158e-4aea-8f98-f50ea140a733, status: 1, update_time: 1684991964694
2023-05-25 13:19:26	INFO	statemachine/order_create.go:56	 create_upload_order, order_id: 49a58239-149e-4c03-b886-243add020962, status: 1, update_time: 1684991966934
2023-05-25 13:19:29	INFO	statemachine/order_create.go:56	 create_upload_order, order_id: ebe8ab8d-b48a-43e2-a709-f87fefd4c7bc, status: 1, update_time: 1684991969266
2023-05-25 13:19:31	INFO	statemachine/order_create.go:56	 create_upload_order, order_id: c5a81886-17fa-4937-977a-e6895f15323c, status: 1, update_time: 1684991971688
2023-05-25 13:19:34	INFO	statemachine/order_create.go:56	 create_upload_order, order_id: 027c1299-589f-4c7a-b797-4fee9c897c86, status: 1, update_time: 1684991974165
2023-05-25 13:19:36	INFO	statemachine/order_create.go:56	 create_upload_order, order_id: 5fc1c245-8b49-40b1-868d-f5bec51da178, status: 1, update_time: 1684991976603
2023-05-25 13:19:39	INFO	statemachine/order_create.go:56	 create_upload_order, order_id: b3dd0df2-c249-44ed-a75e-b10a51e96219, status: 1, update_time: 1684991979077
2023-05-25 13:19:41	INFO	statemachine/order_create.go:56	 create_upload_order, order_id: dd096adf-75db-42d1-8d49-e5367c068584, status: 1, update_time: 1684991981725
2023-05-25 13:19:44	INFO	statemachine/order_create.go:56	 create_upload_order, order_id: ac627c0c-cfa6-478f-b751-cdbccce85bbe, status: 1, update_time: 1684991984302
2023-05-25 13:19:47	INFO	statemachine/order_create.go:56	 create_upload_order, order_id: e50f853e-6606-4e87-9462-cafc642ae573, status: 1, update_time: 1684991987053
2023-05-25 13:19:49	INFO	statemachine/order_create.go:56	 create_upload_order, order_id: cb5045fc-4a00-44f9-b249-47b6bf2c1bbf, status: 1, update_time: 1684991989698
2023-05-25 13:19:52	INFO	statemachine/order_create.go:56	 create_upload_order, order_id: e766c9ad-64e3-4f2c-a131-89ba5d3fa3ec, status: 1, update_time: 1684991992556
2023-05-25 13:19:55	INFO	statemachine/order_create.go:56	 create_upload_order, order_id: b357173f-a753-4433-b6b0-cb3e8fb10257, status: 1, update_time: 1684991995301
2023-05-25 13:19:58	INFO	statemachine/order_create.go:56	 create_upload_order, order_id: 2a336e9c-e907-427d-a3f7-0c2bd6ad0c98, status: 1, update_time: 1684991998087
2023-05-25 13:20:01	INFO	statemachine/order_create.go:56	 create_upload_order, order_id: 170a0694-35a6-4f63-b0fa-7ac514d9965f, status: 1, update_time: 1684992000963
2023-05-25 13:20:03	INFO	statemachine/order_create.go:56	 create_upload_order, order_id: f3935c5f-1fe8-47a8-ad92-bd805fc0d74f, status: 1, update_time: 1684992003775
2023-05-25 13:20:06	INFO	statemachine/order_create.go:56	 create_upload_order, order_id: 8bfbfb15-922f-42b0-accd-b37318e4718b, status: 1, update_time: 1684992006671
2023-05-25 13:20:09	INFO	statemachine/order_create.go:56	 create_upload_order, order_id: a4550040-3d45-41aa-8250-2d03f4476566, status: 1, update_time: 1684992009543
2023-05-25 13:20:12	INFO	statemachine/order_create.go:56	 create_upload_order, order_id: fbaba393-958d-4cc4-bc09-9a546d792037, status: 1, update_time: 1684992012568
2023-05-25 13:20:15	INFO	statemachine/order_create.go:56	 create_upload_order, order_id: a94099f7-c93a-425f-be07-8478ebb597f0, status: 1, update_time: 1684992015619
2023-05-25 13:20:18	INFO	statemachine/order_create.go:56	 create_upload_order, order_id: 6588dd6a-188d-41d2-88b1-5defc241d9ff, status: 1, update_time: 1684992018742
2023-05-25 13:20:21	INFO	statemachine/order_create.go:56	 create_upload_order, order_id: 8ede2582-6f10-4ca1-b55a-0d6ee986e14c, status: 1, update_time: 1684992021835
2023-05-25 13:20:25	INFO	statemachine/order_create.go:56	 create_upload_order, order_id: 6f203123-c40c-4327-8e27-5614b291dabe, status: 1, update_time: 1684992025060
2023-05-25 13:20:28	INFO	statemachine/order_create.go:56	 create_upload_order, order_id: 46661ecf-c37e-40ee-9d50-831dd99f0dd2, status: 1, update_time: 1684992028182
2023-05-25 13:20:31	INFO	statemachine/order_create.go:56	 create_upload_order, order_id: 041835c0-6e68-431f-94e1-c65553754aec, status: 1, update_time: 1684992031473
2023-05-25 13:20:34	INFO	statemachine/order_create.go:56	 create_upload_order, order_id: c1761675-0038-47da-a264-e973bcce1f81, status: 1, update_time: 1684992034896
2023-05-25 13:20:38	INFO	statemachine/order_create.go:56	 create_upload_order, order_id: 0919fc20-15fa-4221-afd4-c2776546bd5a, status: 1, update_time: 1684992038276
2023-05-25 13:20:41	INFO	statemachine/order_create.go:56	 create_upload_order, order_id: a7bb0d28-6121-4e89-9f37-1a43521109b7, status: 1, update_time: 1684992041646
2023-05-25 13:20:45	INFO	statemachine/order_create.go:56	 create_upload_order, order_id: c4a33323-191f-46e2-bc1c-fa320f716bba, status: 1, update_time: 1684992045194
2023-05-25 13:20:48	INFO	statemachine/order_create.go:56	 create_upload_order, order_id: d7e7362e-167b-4562-9a08-707536248989, status: 1, update_time: 1684992048758
2023-05-25 13:20:52	INFO	statemachine/order_create.go:56	 create_upload_order, order_id: 6ffb6a55-939d-47b0-9045-077ff5d2c20a, status: 1, update_time: 1684992052346
2023-05-25 13:20:56	INFO	statemachine/order_create.go:56	 create_upload_order, order_id: 66ddaeb9-6e50-4521-b8eb-b2352b7920d6, status: 1, update_time: 1684992056003
2023-05-25 13:20:59	INFO	statemachine/order_create.go:56	 create_upload_order, order_id: 857c341c-555d-4bf2-bc19-acd9bbae8f64, status: 1, update_time: 1684992059691
2023-05-25 13:21:03	INFO	statemachine/order_create.go:56	 create_upload_order, order_id: cdb410d2-4685-4f31-9e98-0dbad6299ddf, status: 1, update_time: 1684992063307
2023-05-25 13:21:07	INFO	statemachine/order_create.go:56	 create_upload_order, order_id: 37f3eef8-ac66-4251-a5cf-04f96879d75e, status: 1, update_time: 1684992067093
2023-05-25 13:21:10	INFO	statemachine/order_create.go:56	 create_upload_order, order_id: ca9cf985-193c-4ffd-9689-b17622b954d5, status: 1, update_time: 1684992070869
2023-05-25 13:21:14	INFO	statemachine/order_create.go:56	 create_upload_order, order_id: fc9817e6-cde9-4ff2-a459-57ed7892e86c, status: 1, update_time: 1684992074714
2023-05-25 13:21:18	INFO	statemachine/order_create.go:56	 create_upload_order, order_id: 0ede6a16-01bc-4830-bb23-8c999420a217, status: 1, update_time: 1684992078531
2023-05-25 13:21:22	INFO	statemachine/order_create.go:56	 create_upload_order, order_id: 6f84f709-c15b-43ad-981f-e4a8f1364689, status: 1, update_time: 1684992082440
2023-05-25 13:21:26	INFO	statemachine/order_create.go:56	 create_upload_order, order_id: 7e21850c-1917-4488-8e24-6ea47867c356, status: 1, update_time: 1684992086406
2023-05-25 13:21:30	INFO	statemachine/order_create.go:56	 create_upload_order, order_id: 61b7b97c-4fc8-44ce-a543-69f5142e2959, status: 1, update_time: 1684992090240
2023-05-25 13:21:34	INFO	statemachine/order_create.go:56	 create_upload_order, order_id: 490421d6-b4f5-4b42-b4e3-49874abd17a9, status: 1, update_time: 1684992094074
2023-05-25 13:21:38	INFO	statemachine/order_create.go:56	 create_upload_order, order_id: b89a4240-05f6-4f29-ab2a-b4a69ae96a6f, status: 1, update_time: 1684992098144
2023-05-25 13:21:42	INFO	statemachine/order_create.go:56	 create_upload_order, order_id: 28187941-47a0-4f86-ada7-3285defeacac, status: 1, update_time: 1684992102371
2023-05-25 13:21:46	INFO	statemachine/order_create.go:56	 create_upload_order, order_id: 78bf6edb-f095-4fc5-9566-0252e7e4f4bc, status: 1, update_time: 1684992106466
2023-05-25 13:21:50	INFO	statemachine/order_create.go:56	 create_upload_order, order_id: da981ff6-e6e6-4e91-8773-6bd6b99bae21, status: 1, update_time: 1684992110788
2023-05-25 13:21:55	INFO	statemachine/order_create.go:56	 create_upload_order, order_id: 37f16bc1-ccbe-4001-ae14-3ad2c8fecd0c, status: 1, update_time: 1684992115007
2023-05-25 13:21:59	INFO	statemachine/order_create.go:56	 create_upload_order, order_id: 9f4b6722-81c2-4490-acc9-8ac47029c59e, status: 1, update_time: 1684992119461
2023-05-25 13:22:03	INFO	statemachine/order_create.go:56	 create_upload_order, order_id: d8e14d0f-5fcc-474b-97bd-26d09775da11, status: 1, update_time: 1684992123739
2023-05-25 13:22:08	INFO	statemachine/order_create.go:56	 create_upload_order, order_id: a3089851-f9b9-47ef-81cb-ba6d8141ce85, status: 1, update_time: 1684992128212
2023-05-25 13:22:12	INFO	statemachine/order_create.go:56	 create_upload_order, order_id: 00c1dcd3-1afa-4d6b-81e5-be8f543e045d, status: 1, update_time: 1684992132918
2023-05-25 13:22:17	INFO	statemachine/order_create.go:56	 create_upload_order, order_id: 97f2b89d-ecdd-49d9-822e-8b0ea9e6d09a, status: 1, update_time: 1684992137346
2023-05-25 13:22:21	INFO	statemachine/order_create.go:56	 create_upload_order, order_id: 8c9a13e7-8718-4fb2-b337-8132414131ac, status: 1, update_time: 1684992141745
2023-05-25 13:22:26	INFO	statemachine/order_create.go:56	 create_upload_order, order_id: 0bfaedba-3803-436f-b480-1c695915d02e, status: 1, update_time: 1684992146483
2023-05-25 13:22:31	INFO	statemachine/order_create.go:56	 create_upload_order, order_id: 30799141-e5dd-492c-ab12-345b4c5a1eaf, status: 1, update_time: 1684992151383
2023-05-25 13:22:36	INFO	statemachine/order_create.go:56	 create_upload_order, order_id: 121cba66-a1db-493e-83d1-4a095e62fb13, status: 1, update_time: 1684992156203
2023-05-25 13:22:40	INFO	statemachine/order_create.go:56	 create_upload_order, order_id: 30b1ac8b-67ce-4e4a-a087-de3ce14b8057, status: 1, update_time: 1684992160750
2023-05-25 13:22:45	INFO	statemachine/order_create.go:56	 create_upload_order, order_id: 157798f8-36e1-43bb-b3b1-62bc3772387d, status: 1, update_time: 1684992165527
2023-05-25 13:22:50	INFO	statemachine/order_create.go:56	 create_upload_order, order_id: 85a8bfa6-e89b-47e0-925e-18adcf4a546d, status: 1, update_time: 1684992170639
2023-05-25 13:22:55	INFO	statemachine/order_create.go:56	 create_upload_order, order_id: 549f36b4-4274-44a0-8125-5a23942904c9, status: 1, update_time: 1684992175474
2023-05-25 13:23:00	INFO	statemachine/order_create.go:56	 create_upload_order, order_id: 2fff6140-d0c5-4c04-b6a7-e8b5f71af3e0, status: 1, update_time: 1684992180213
2023-05-25 13:23:05	INFO	statemachine/order_create.go:56	 create_upload_order, order_id: 1f15916f-e199-4b21-8cf2-17aa56216e62, status: 1, update_time: 1684992185189
2023-05-25 13:23:10	INFO	statemachine/order_create.go:56	 create_upload_order, order_id: 41ea5ffe-6180-4acc-8a4c-afce7238a153, status: 1, update_time: 1684992190353
2023-05-25 13:23:15	INFO	statemachine/order_create.go:56	 create_upload_order, order_id: af424400-3444-4ebb-aac0-560e48d2f4a1, status: 1, update_time: 1684992195468
2023-05-25 13:23:20	INFO	statemachine/order_create.go:56	 create_upload_order, order_id: 0926fd76-64b1-4ba2-9359-6748b2f8055a, status: 1, update_time: 1684992200760
2023-05-25 13:23:26	INFO	statemachine/order_create.go:56	 create_upload_order, order_id: 0b2d190f-9e9f-42a9-a5b3-b3a94b36de32, status: 1, update_time: 1684992205991
2023-05-25 13:23:31	INFO	statemachine/order_create.go:56	 create_upload_order, order_id: ebf6dd23-27ed-4865-a3bb-0b5d8dc2a2d0, status: 1, update_time: 1684992211008
2023-05-25 13:23:36	INFO	statemachine/order_create.go:56	 create_upload_order, order_id: 28b0dd43-f009-42a6-ab1f-23caddb70c06, status: 1, update_time: 1684992216016
2023-05-25 13:23:41	INFO	statemachine/order_create.go:56	 create_upload_order, order_id: 33538fe2-6d2c-47d3-96e5-7e4a464d50b3, status: 1, update_time: 1684992221127
2023-05-25 13:23:46	INFO	statemachine/order_create.go:56	 create_upload_order, order_id: 2fdae9b1-db7e-4d92-8d07-bb0528c918f3, status: 1, update_time: 1684992226262
2023-05-25 13:23:51	INFO	statemachine/order_create.go:56	 create_upload_order, order_id: 6bf437ab-f8d4-43e5-bfe6-b1be556abe31, status: 1, update_time: 1684992231741
2023-05-25 13:23:57	INFO	statemachine/order_create.go:56	 create_upload_order, order_id: 792b15a3-eea8-45da-a8a9-f1d4606d4655, status: 1, update_time: 1684992237400
2023-05-25 13:24:02	INFO	statemachine/order_create.go:56	 create_upload_order, order_id: 6981b4b4-3c59-445a-ba51-ad0a1cea9462, status: 1, update_time: 1684992242856
2023-05-25 13:24:08	INFO	statemachine/order_create.go:56	 create_upload_order, order_id: c915c84c-6f6d-4b82-ad74-258106d13eb4, status: 1, update_time: 1684992248313
2023-05-25 13:24:13	INFO	statemachine/order_create.go:56	 create_upload_order, order_id: 9fe7e8b5-1ffa-4aea-8f69-103f8dd3af25, status: 1, update_time: 1684992253596
2023-05-25 13:24:19	INFO	statemachine/order_create.go:56	 create_upload_order, order_id: f467f1b5-fd1b-4dee-865e-b1aa2d3cded1, status: 1, update_time: 1684992259058
2023-05-25 13:24:24	INFO	statemachine/order_create.go:56	 create_upload_order, order_id: fb6a4a28-69a0-4f6c-a9ae-70cd497e3451, status: 1, update_time: 1684992264771
2023-05-25 13:24:30	INFO	statemachine/order_create.go:56	 create_upload_order, order_id: 7a3f3ba4-e464-4b37-899f-b7cda558c3d9, status: 1, update_time: 1684992270601
2023-05-25 13:24:36	INFO	statemachine/order_create.go:56	 create_upload_order, order_id: 601b1f5a-69aa-48b2-b515-63f2d9f93b83, status: 1, update_time: 1684992276825
2023-05-25 13:24:42	INFO	statemachine/order_create.go:56	 create_upload_order, order_id: f9a82343-dec6-4b07-93b3-59d1e0f2e8bb, status: 1, update_time: 1684992282474
2023-05-25 13:24:48	INFO	statemachine/order_create.go:56	 create_upload_order, order_id: d01f2c18-59e7-4a02-99fc-d5b4d355e51d, status: 1, update_time: 1684992288598
2023-05-25 13:24:54	INFO	statemachine/order_create.go:56	 create_upload_order, order_id: c536bb8d-3d88-4aed-97f7-cfd20023d309, status: 1, update_time: 1684992294897
2023-05-25 13:25:00	INFO	statemachine/order_create.go:56	 create_upload_order, order_id: 0a24bb65-fc7d-4a9b-bfef-94f03a00729c, status: 1, update_time: 1684992300538
2023-05-25 13:25:06	INFO	statemachine/order_create.go:56	 create_upload_order, order_id: de3f2254-2d08-42bd-ad3f-ac5520fe8b96, status: 1, update_time: 1684992306291
2023-05-25 13:25:12	INFO	statemachine/order_create.go:56	 create_upload_order, order_id: fa67f890-580f-4acf-8a72-7be84f756951, status: 1, update_time: 1684992312289
2023-05-25 13:25:18	INFO	statemachine/order_create.go:56	 create_upload_order, order_id: 2ab7bc39-edb7-4e5e-bd9e-8ee2d023b272, status: 1, update_time: 1684992318088
2023-05-25 13:25:24	INFO	statemachine/order_create.go:56	 create_upload_order, order_id: 77d85221-dc15-4e48-82a5-0f278a1791dc, status: 1, update_time: 1684992324019
2023-05-25 13:25:30	INFO	statemachine/order_create.go:56	 create_upload_order, order_id: 088321db-1643-44c0-ae9b-6ceb452d3766, status: 1, update_time: 1684992330425
2023-05-25 13:25:37	INFO	statemachine/order_create.go:56	 create_upload_order, order_id: f4177e08-8a58-4522-842a-a93a21dadfb2, status: 1, update_time: 1684992337131
2023-05-25 13:25:44	INFO	statemachine/order_create.go:56	 create_upload_order, order_id: 00b6f895-f912-45d0-b958-2a6256c7e3fe, status: 1, update_time: 1684992343988
2023-05-25 13:25:50	INFO	statemachine/order_create.go:56	 create_upload_order, order_id: 22b5342d-3078-47f3-9829-00e94b909b0d, status: 1, update_time: 1684992350074
2023-05-25 13:25:56	INFO	statemachine/order_create.go:56	 create_upload_order, order_id: 21d34a57-d413-41ef-a2cc-7295bc24b18d, status: 1, update_time: 1684992356922
2023-05-25 13:26:03	INFO	statemachine/order_create.go:56	 create_upload_order, order_id: e03639fa-3a70-4164-ab24-9e81ed48944f, status: 1, update_time: 1684992363232
2023-05-25 13:26:09	INFO	statemachine/order_create.go:56	 create_upload_order, order_id: 22f4b287-42f3-430f-a0fa-07015f3ff459, status: 1, update_time: 1684992369357
2023-05-25 13:26:15	INFO	statemachine/order_create.go:56	 create_upload_order, order_id: 19ec1749-32f0-4e60-a353-748ccb061434, status: 1, update_time: 1684992375695
2023-05-25 13:26:22	INFO	statemachine/order_create.go:56	 create_upload_order, order_id: 4eb1d1de-27e8-478f-8d47-5fac7fd8b985, status: 1, update_time: 1684992382086
2023-05-25 13:26:28	INFO	statemachine/order_create.go:56	 create_upload_order, order_id: 3f0e7e16-8bf8-4c13-8ebd-79103330fe86, status: 1, update_time: 1684992388780
2023-05-25 13:26:35	INFO	statemachine/order_create.go:56	 create_upload_order, order_id: 0f3c835f-58f7-4722-89fa-b0f334bf3a31, status: 1, update_time: 1684992395719
2023-05-25 13:26:38	INFO	statemachine/order_create.go:56	 create_upload_order, order_id: d8de03eb-eaf5-4f55-a6b4-3e2018026719, status: 1, update_time: 1684992397965
2023-05-25 13:26:40	INFO	statemachine/order_create.go:56	 create_upload_order, order_id: d89ec2e2-a759-411b-bc51-04583ad71809, status: 1, update_time: 1684992400160
2023-05-25 13:26:42	INFO	statemachine/order_create.go:56	 create_upload_order, order_id: 62496691-69f8-498a-a5d2-eb006bd870b9, status: 1, update_time: 1684992402398
2023-05-25 13:26:44	INFO	statemachine/order_create.go:56	 create_upload_order, order_id: 51da1bc8-55ca-4ff5-97a7-ae4650715d63, status: 1, update_time: 1684992404738
2023-05-25 13:26:47	INFO	statemachine/order_create.go:56	 create_upload_order, order_id: fcf64d84-6de2-4562-904e-eb40d4748e31, status: 1, update_time: 1684992407102
2023-05-25 13:26:49	INFO	statemachine/order_create.go:56	 create_upload_order, order_id: 242831ec-b03e-4232-bf78-1b8d56bd1f20, status: 1, update_time: 1684992409546
2023-05-25 13:26:52	INFO	statemachine/order_create.go:56	 create_upload_order, order_id: 079d741d-c834-4351-9690-6f9b7277f20a, status: 1, update_time: 1684992412000
2023-05-25 13:26:54	INFO	statemachine/order_create.go:56	 create_upload_order, order_id: 9e71dbbe-cf5b-440e-ae1c-fcc600de9c1a, status: 1, update_time: 1684992414527
2023-05-25 13:26:57	INFO	statemachine/order_create.go:56	 create_upload_order, order_id: 00f30e39-6ec6-4e41-bfb3-67d33e11c4ec, status: 1, update_time: 1684992417089
2023-05-25 13:26:59	INFO	statemachine/order_create.go:56	 create_upload_order, order_id: 8928c3dd-cd5f-4af3-980a-4ed86921b5c7, status: 1, update_time: 1684992419672
2023-05-25 13:27:02	INFO	statemachine/order_create.go:56	 create_upload_order, order_id: 41348071-2745-4037-8d92-9552724b9d5e, status: 1, update_time: 1684992422277
2023-05-25 13:27:04	INFO	statemachine/order_create.go:56	 create_upload_order, order_id: 202bb065-8997-472c-8b48-e7e261123006, status: 1, update_time: 1684992424937
2023-05-25 13:27:08	INFO	statemachine/order_create.go:56	 create_upload_order, order_id: b40ea6d9-1272-4a3b-8260-24329047f3b0, status: 1, update_time: 1684992428363
2023-05-25 13:27:11	INFO	statemachine/order_create.go:56	 create_upload_order, order_id: dd304407-be5f-426e-9b6e-34f9446e96e2, status: 1, update_time: 1684992431567
2023-05-25 13:27:14	INFO	statemachine/order_create.go:56	 create_upload_order, order_id: c3b97cfc-2668-4eeb-b6ca-94f353f5860a, status: 1, update_time: 1684992434394
2023-05-25 13:27:17	INFO	statemachine/order_create.go:56	 create_upload_order, order_id: c2e7967c-d558-4c03-b727-ef96e197986a, status: 1, update_time: 1684992437326
2023-05-25 13:27:20	INFO	statemachine/order_create.go:56	 create_upload_order, order_id: 3093d7c6-8ace-4b73-8d1b-ce44d8c5447a, status: 1, update_time: 1684992440228
2023-05-25 13:27:23	INFO	statemachine/order_create.go:56	 create_upload_order, order_id: b74df6e1-e1eb-4c7c-b4b4-29f921772dc9, status: 1, update_time: 1684992443094
2023-05-25 13:27:26	INFO	statemachine/order_create.go:56	 create_upload_order, order_id: 26d6bc3a-7d07-4783-b421-1a6018b18aef, status: 1, update_time: 1684992446769
2023-05-25 13:27:29	INFO	statemachine/order_create.go:56	 create_upload_order, order_id: 37b2e3fa-b000-4082-8351-ca467d7701c0, status: 1, update_time: 1684992449916
2023-05-25 13:27:33	INFO	statemachine/order_create.go:56	 create_upload_order, order_id: 2a177277-b084-478b-9c68-3c842f9fff34, status: 1, update_time: 1684992453076
2023-05-25 13:27:36	INFO	statemachine/order_create.go:56	 create_upload_order, order_id: 4e271387-8821-45c4-b798-94564f75610e, status: 1, update_time: 1684992456186
2023-05-25 13:27:39	INFO	statemachine/order_create.go:56	 create_upload_order, order_id: 498efd72-4d7f-46eb-86a0-1ab382ccacc1, status: 1, update_time: 1684992459325
2023-05-25 13:27:42	INFO	statemachine/order_create.go:56	 create_upload_order, order_id: ac2c039c-d202-4952-86a7-1d10573d9669, status: 1, update_time: 1684992462602
2023-05-25 13:27:45	INFO	statemachine/order_create.go:56	 create_upload_order, order_id: e5f930a0-7e44-47a6-aed9-aa6e55cd4401, status: 1, update_time: 1684992465879
2023-05-25 13:27:49	INFO	statemachine/order_create.go:56	 create_upload_order, order_id: a3738e0e-f1c5-4eee-84fa-5192a1c167d4, status: 1, update_time: 1684992469296
2023-05-25 13:27:53	INFO	statemachine/order_create.go:56	 create_upload_order, order_id: 526c4aa8-af10-47a4-94c2-1d711ae75ed2, status: 1, update_time: 1684992473110
2023-05-25 13:27:57	INFO	statemachine/order_create.go:56	 create_upload_order, order_id: d5c196b5-0d83-4fd9-9c82-17e387744be8, status: 1, update_time: 1684992477085
2023-05-25 13:28:01	INFO	statemachine/order_create.go:56	 create_upload_order, order_id: 95ce9791-ae7d-4f7b-ac24-c5555861b659, status: 1, update_time: 1684992481019
2023-05-25 13:28:04	INFO	statemachine/order_create.go:56	 create_upload_order, order_id: fef64f13-3d7d-454c-a846-e44097ca3692, status: 1, update_time: 1684992484547
2023-05-25 13:28:07	INFO	statemachine/order_create.go:56	 create_upload_order, order_id: 77e1e44f-b1e5-4ac4-a3a6-4709afa7003f, status: 1, update_time: 1684992487885
2023-05-25 13:28:11	INFO	statemachine/order_create.go:56	 create_upload_order, order_id: 25cc2b62-17bc-46f2-b9fc-9683b571785e, status: 1, update_time: 1684992491404
2023-05-25 13:28:15	INFO	statemachine/order_create.go:56	 create_upload_order, order_id: 6245dd8b-cb9c-4ed2-937d-ae2e2dd36b21, status: 1, update_time: 1684992495162
2023-05-25 13:28:18	INFO	statemachine/order_create.go:56	 create_upload_order, order_id: f457829b-ee12-4455-b53f-4042857c34e9, status: 1, update_time: 1684992498854
2023-05-25 13:28:22	INFO	statemachine/order_create.go:56	 create_upload_order, order_id: 0fef2848-ab3d-498f-9984-9ecdd55222e9, status: 1, update_time: 1684992502641
2023-05-25 13:28:26	INFO	statemachine/order_create.go:56	 create_upload_order, order_id: 2bc8afb1-9e7b-4053-8a19-fcc5e9e22bd5, status: 1, update_time: 1684992506284
2023-05-25 13:28:30	INFO	statemachine/order_create.go:56	 create_upload_order, order_id: 139f0d6d-de8d-46d5-be91-1f22c20aaef6, status: 1, update_time: 1684992510036
2023-05-25 13:28:33	INFO	statemachine/order_create.go:56	 create_upload_order, order_id: 382ee954-cc71-41dd-adda-ac498a9f06a1, status: 1, update_time: 1684992513855
2023-05-25 13:28:37	INFO	statemachine/order_create.go:56	 create_upload_order, order_id: b0c67e51-7f1a-4d26-b003-2a7741bd8500, status: 1, update_time: 1684992517685
2023-05-25 13:28:41	INFO	statemachine/order_create.go:56	 create_upload_order, order_id: cbad06b1-aea9-4c67-a1f0-29fdfa9f752f, status: 1, update_time: 1684992521507
2023-05-25 13:28:45	INFO	statemachine/order_create.go:56	 create_upload_order, order_id: dc84ac71-bbe5-482e-be9d-29cf66737301, status: 1, update_time: 1684992525581
2023-05-25 13:28:49	INFO	statemachine/order_create.go:56	 create_upload_order, order_id: 8ffbfad9-db9b-4dd4-8175-860c126ee831, status: 1, update_time: 1684992529617
2023-05-25 13:28:53	INFO	statemachine/order_create.go:56	 create_upload_order, order_id: 5f38cea4-bbb8-4ec1-b551-2df4784022f5, status: 1, update_time: 1684992533600
2023-05-25 13:28:57	INFO	statemachine/order_create.go:56	 create_upload_order, order_id: 820e2829-0ea6-4eaf-959b-4e6bb7b0153e, status: 1, update_time: 1684992537896
2023-05-25 13:29:02	INFO	statemachine/order_create.go:56	 create_upload_order, order_id: 0da841d7-5ca6-4579-aa41-dda8649d7a93, status: 1, update_time: 1684992541981
2023-05-25 13:29:06	INFO	statemachine/order_create.go:56	 create_upload_order, order_id: 8c1b8fa8-d7b4-4b7a-a76b-0e4fdd2df513, status: 1, update_time: 1684992546026
2023-05-25 13:29:10	INFO	statemachine/order_create.go:56	 create_upload_order, order_id: 88765226-3cd2-43d3-88cc-762a4d7517e3, status: 1, update_time: 1684992550160
2023-05-25 13:29:14	INFO	statemachine/order_create.go:56	 create_upload_order, order_id: a0bdf870-d48e-4b7c-9413-355cb522ee09, status: 1, update_time: 1684992554673
2023-05-25 13:29:18	INFO	statemachine/order_create.go:56	 create_upload_order, order_id: d110ea7c-3ef0-4b75-acc9-0a0751ae0666, status: 1, update_time: 1684992558936
2023-05-25 13:29:23	INFO	statemachine/order_create.go:56	 create_upload_order, order_id: b526fad5-00ea-400e-ad9b-9ce93b06d13d, status: 1, update_time: 1684992563166
2023-05-25 13:29:27	INFO	statemachine/order_create.go:56	 create_upload_order, order_id: d1fe1088-b9a6-4c39-9b48-007913147c6d, status: 1, update_time: 1684992567820
2023-05-25 13:29:32	INFO	statemachine/order_create.go:56	 create_upload_order, order_id: 321d713a-932d-4944-b36e-5750b6ee615d, status: 1, update_time: 1684992572531
2023-05-25 13:29:36	INFO	statemachine/order_create.go:56	 create_upload_order, order_id: 81427fe6-e9bd-40a9-8a9f-5d102e0966e8, status: 1, update_time: 1684992576856
2023-05-25 13:29:41	INFO	statemachine/order_create.go:56	 create_upload_order, order_id: 755902f8-e54e-4e4f-81fc-c2d3de30ac13, status: 1, update_time: 1684992581417
2023-05-25 13:29:46	INFO	statemachine/order_create.go:56	 create_upload_order, order_id: 4ac404ba-0525-4c8c-8197-f8f66acd7860, status: 1, update_time: 1684992586068
2023-05-25 13:29:51	INFO	statemachine/order_create.go:56	 create_upload_order, order_id: 3b126c4a-efa1-4674-bb36-8ef2e9950a54, status: 1, update_time: 1684992591029
2023-05-25 13:29:55	INFO	statemachine/order_create.go:56	 create_upload_order, order_id: 4286fdbf-2fc5-4a21-ac3b-21d7909e9308, status: 1, update_time: 1684992595880
2023-05-25 13:30:00	INFO	statemachine/order_create.go:56	 create_upload_order, order_id: eaca20f3-2b71-4fe3-b651-0bfba3cb0269, status: 1, update_time: 1684992600806
2023-05-25 13:30:05	INFO	statemachine/order_create.go:56	 create_upload_order, order_id: 134e4954-53c0-40fa-a9fc-b42563146da0, status: 1, update_time: 1684992605424
2023-05-25 13:30:10	INFO	statemachine/order_create.go:56	 create_upload_order, order_id: 05f9af64-fe1a-410d-bf81-50655e80ea29, status: 1, update_time: 1684992610141
2023-05-25 13:30:14	INFO	statemachine/order_create.go:56	 create_upload_order, order_id: 82b63836-72a6-496e-b777-df7ca3ffca68, status: 1, update_time: 1684992614880
2023-05-25 13:30:20	INFO	statemachine/order_create.go:56	 create_upload_order, order_id: da3654bd-4636-47cd-a16d-a5e03a018cef, status: 1, update_time: 1684992620087
2023-05-25 13:30:25	INFO	statemachine/order_create.go:56	 create_upload_order, order_id: 3ebb6db5-3b3b-49d9-ba25-360a83490200, status: 1, update_time: 1684992625171
2023-05-25 13:30:30	INFO	statemachine/order_create.go:56	 create_upload_order, order_id: 3c013b2d-2f46-4652-96d7-570736b4f618, status: 1, update_time: 1684992630248
2023-05-25 13:30:35	INFO	statemachine/order_create.go:56	 create_upload_order, order_id: 97fabf3c-0127-48e6-93f0-fec5896110c6, status: 1, update_time: 1684992635427
2023-05-25 13:30:40	INFO	statemachine/order_create.go:56	 create_upload_order, order_id: 4d54c63a-5598-4f7d-8c7c-7c03630dfb67, status: 1, update_time: 1684992640667
2023-05-25 13:30:46	INFO	statemachine/order_create.go:56	 create_upload_order, order_id: bcbe8efa-cb15-425b-9276-eea5558e0703, status: 1, update_time: 1684992646092
2023-05-25 13:30:50	INFO	statemachine/order_create.go:56	 create_upload_order, order_id: 9bb14109-0fdc-410c-8b9c-296e9c5098a9, status: 1, update_time: 1684992650956
2023-05-25 13:30:56	INFO	statemachine/order_create.go:56	 create_upload_order, order_id: 7d88ca01-ef2a-4205-b803-240fc23f8845, status: 1, update_time: 1684992656045
2023-05-25 13:31:01	INFO	statemachine/order_create.go:56	 create_upload_order, order_id: c2b5e751-8b36-43ce-8a06-333d476c4034, status: 1, update_time: 1684992661626
2023-05-25 13:31:06	INFO	statemachine/order_create.go:56	 create_upload_order, order_id: c1965156-76bd-4cf6-9fbe-68971d38ed2a, status: 1, update_time: 1684992666922
2023-05-25 13:31:12	INFO	statemachine/order_create.go:56	 create_upload_order, order_id: a20f2d64-e83b-43d5-b13b-dc0202b099a9, status: 1, update_time: 1684992672326
2023-05-25 13:31:17	INFO	statemachine/order_create.go:56	 create_upload_order, order_id: cf0131c5-0b1f-49d9-9210-8ff5a5d40c30, status: 1, update_time: 1684992677752
2023-05-25 13:31:23	INFO	statemachine/order_create.go:56	 create_upload_order, order_id: b5ea01d7-c768-480a-9965-4cb409409c2e, status: 1, update_time: 1684992683014
2023-05-25 13:31:28	INFO	statemachine/order_create.go:56	 create_upload_order, order_id: dac4bff0-6018-4a21-aa42-d3eedc77d354, status: 1, update_time: 1684992688379
2023-05-25 13:31:33	INFO	statemachine/order_create.go:56	 create_upload_order, order_id: 210a053b-4d10-4c24-b5fc-31179f81371a, status: 1, update_time: 1684992693946
2023-05-25 13:31:39	INFO	statemachine/order_create.go:56	 create_upload_order, order_id: 0cad45d5-9383-4e3c-bc6a-5f687b61e92e, status: 1, update_time: 1684992699534
2023-05-25 13:31:45	INFO	statemachine/order_create.go:56	 create_upload_order, order_id: 52756e7c-b670-4d4e-b2e0-9ee293dde733, status: 1, update_time: 1684992705137
2023-05-25 13:31:50	INFO	statemachine/order_create.go:56	 create_upload_order, order_id: d282f6a0-6d79-4ed0-9dea-8aa4987291d4, status: 1, update_time: 1684992710675
2023-05-25 13:31:56	INFO	statemachine/order_create.go:56	 create_upload_order, order_id: ff9eeaeb-e66c-414a-a730-e81bf9e203ae, status: 1, update_time: 1684992716788
2023-05-25 13:32:02	INFO	statemachine/order_create.go:56	 create_upload_order, order_id: 0f2c5180-e62c-41cb-8894-20ba41c61b1d, status: 1, update_time: 1684992722358
2023-05-25 13:32:08	INFO	statemachine/order_create.go:56	 create_upload_order, order_id: e7342dbc-d857-417c-b20c-a10c69421be1, status: 1, update_time: 1684992727956
2023-05-25 13:32:13	INFO	statemachine/order_create.go:56	 create_upload_order, order_id: 6fadb242-8998-42d4-9d8c-97ae659afd7e, status: 1, update_time: 1684992733777
2023-05-25 13:32:19	INFO	statemachine/order_create.go:56	 create_upload_order, order_id: 40f4a5b0-8944-42f9-bac6-3715b015e5c0, status: 1, update_time: 1684992739706
2023-05-25 13:32:25	INFO	statemachine/order_create.go:56	 create_upload_order, order_id: ca3ccce4-fe4e-4d5f-9f74-a48e3e9aee56, status: 1, update_time: 1684992745634
2023-05-25 13:32:31	INFO	statemachine/order_create.go:56	 create_upload_order, order_id: 291fc047-b382-45e6-844c-f15fe47118a4, status: 1, update_time: 1684992751600
2023-05-25 13:32:37	INFO	statemachine/order_create.go:56	 create_upload_order, order_id: ff6e4f73-cb3f-4767-aa48-2f32399a0baf, status: 1, update_time: 1684992757723
2023-05-25 13:32:43	INFO	statemachine/order_create.go:56	 create_upload_order, order_id: 03dd15df-036b-4f7d-a00a-f788f02e9319, status: 1, update_time: 1684992763569
2023-05-25 13:32:49	INFO	statemachine/order_create.go:56	 create_upload_order, order_id: 720223ac-a046-4f09-992b-950509a282ed, status: 1, update_time: 1684992769627
2023-05-25 13:32:55	INFO	statemachine/order_create.go:56	 create_upload_order, order_id: 8cd2a070-2e54-4642-a0ea-61f5ffe76c9e, status: 1, update_time: 1684992775691
2023-05-25 13:33:01	INFO	statemachine/order_create.go:56	 create_upload_order, order_id: 41320225-e21e-4d9f-8dc6-d14682809eed, status: 1, update_time: 1684992781742
2023-05-25 13:33:08	INFO	statemachine/order_create.go:56	 create_upload_order, order_id: fcf4d115-2ef6-4eb5-bb9d-0b5af42021dd, status: 1, update_time: 1684992788181
2023-05-25 13:33:14	INFO	statemachine/order_create.go:56	 create_upload_order, order_id: 17a6ae52-4e54-470d-9b83-eabe927b8705, status: 1, update_time: 1684992794954
2023-05-25 13:33:21	INFO	statemachine/order_create.go:56	 create_upload_order, order_id: 06498e4b-4213-4c0a-868a-1758bcf1dd27, status: 1, update_time: 1684992801379
2023-05-25 13:33:27	INFO	statemachine/order_create.go:56	 create_upload_order, order_id: 6d4874c6-edcd-4f59-a8c2-4095ebf2d1ba, status: 1, update_time: 1684992807489
2023-05-25 13:33:34	INFO	statemachine/order_create.go:56	 create_upload_order, order_id: 4e832d46-fcc7-4db8-ae98-2d7742af8c8c, status: 1, update_time: 1684992814398
2023-05-25 13:33:40	INFO	statemachine/order_create.go:56	 create_upload_order, order_id: b8330497-b7c4-4d5e-bfe7-33d809d3c730, status: 1, update_time: 1684992820937
2023-05-25 13:33:47	INFO	statemachine/order_create.go:56	 create_upload_order, order_id: 91e4c3fb-3e26-4928-bb71-e57bcf858bda, status: 1, update_time: 1684992827722
2023-05-25 13:33:54	INFO	statemachine/order_create.go:56	 create_upload_order, order_id: dfbaaeca-fbce-48e7-a960-dca3fe0bb3c6, status: 1, update_time: 1684992834560
2023-05-25 13:33:54	INFO	statemachine/order_create.go:56	 create_upload_order, order_id: 1b5ea86a-b26c-411d-90ee-e307cdd18760, status: 1, update_time: 1684992834908
2023-05-25 13:33:55	INFO	statemachine/order_create.go:56	 create_upload_order, order_id: 0486bca5-c0ae-48f3-bb19-ad28b7779ae5, status: 1, update_time: 1684992835250
2023-05-25 13:33:55	INFO	statemachine/order_create.go:56	 create_upload_order, order_id: 3217e011-864b-47db-ad7d-f262c24e9836, status: 1, update_time: 1684992835592
2023-05-25 13:33:55	INFO	statemachine/order_create.go:56	 create_upload_order, order_id: da440c15-628b-4f8c-813f-3eb1e26e9679, status: 1, update_time: 1684992835931
2023-05-25 13:33:56	INFO	statemachine/order_create.go:56	 create_upload_order, order_id: e1013595-94c0-4ad3-9074-ba1362f6c17a, status: 1, update_time: 1684992836275
2023-05-25 13:33:56	INFO	statemachine/order_create.go:56	 create_upload_order, order_id: 35a58a03-5e02-40e8-8213-cd200a3e155e, status: 1, update_time: 1684992836619
2023-05-25 13:33:57	INFO	statemachine/order_create.go:56	 create_upload_order, order_id: fa1ce7f2-8207-4c37-b698-51a4128c7618, status: 1, update_time: 1684992836967
2023-05-25 13:33:57	INFO	statemachine/order_create.go:56	 create_upload_order, order_id: 994f6201-b830-4b1e-9b6c-4f65801bb17d, status: 1, update_time: 1684992837311
2023-05-25 13:33:57	INFO	statemachine/order_create.go:56	 create_upload_order, order_id: 45297e44-e632-4dfe-ab8a-4b489b5225d5, status: 1, update_time: 1684992837663
2023-05-25 13:33:58	INFO	statemachine/order_create.go:56	 create_upload_order, order_id: 5f00c4eb-d096-4520-861b-57222120ff9c, status: 1, update_time: 1684992838012
2023-05-25 13:33:58	INFO	statemachine/order_create.go:56	 create_upload_order, order_id: 35d90ab7-03c7-4b21-893b-bd1d79b251c4, status: 1, update_time: 1684992838359
2023-05-25 13:33:58	INFO	statemachine/order_create.go:56	 create_upload_order, order_id: b46899db-5446-462a-9df5-7b4ae157821e, status: 1, update_time: 1684992838702
2023-05-25 13:33:59	INFO	statemachine/order_create.go:56	 create_upload_order, order_id: ae2deba8-1106-4c5c-a301-994c988ef5a9, status: 1, update_time: 1684992839048
2023-05-25 13:33:59	INFO	statemachine/order_create.go:56	 create_upload_order, order_id: e2a4efda-28db-4607-8caf-f2d3db48fc19, status: 1, update_time: 1684992839394
2023-05-25 13:33:59	INFO	statemachine/order_create.go:56	 create_upload_order, order_id: 21b6ef45-ec24-445a-bd74-df95c42be275, status: 1, update_time: 1684992839735
2023-05-25 13:34:00	INFO	statemachine/order_create.go:56	 create_upload_order, order_id: 12fc2c80-9d5a-4d5a-824a-7f5279e64e86, status: 1, update_time: 1684992840076
2023-05-25 13:34:00	INFO	statemachine/order_create.go:56	 create_upload_order, order_id: b5d3af4e-816b-4134-8cee-f4785e79d951, status: 1, update_time: 1684992840420
2023-05-25 13:34:00	INFO	statemachine/order_create.go:56	 create_upload_order, order_id: 6de92b3e-bc48-4f0c-96df-7500bcbe6a75, status: 1, update_time: 1684992840766
2023-05-25 13:34:01	INFO	statemachine/order_create.go:56	 create_upload_order, order_id: 33b3c6f2-bb56-4653-b737-99c440713444, status: 1, update_time: 1684992841113
2023-05-25 13:34:01	INFO	statemachine/order_create.go:56	 create_upload_order, order_id: 4853ea88-436c-4983-a5de-e74f8a453c9d, status: 1, update_time: 1684992841451
2023-05-25 13:34:01	INFO	statemachine/order_create.go:56	 create_upload_order, order_id: 1e6a5114-4e01-415b-91a8-549b4f848dd0, status: 1, update_time: 1684992841796
2023-05-25 13:34:02	INFO	statemachine/order_create.go:56	 create_upload_order, order_id: 6c198e1c-8d73-4110-8f07-355601ef69b6, status: 1, update_time: 1684992842137
2023-05-25 13:34:02	INFO	statemachine/order_create.go:56	 create_upload_order, order_id: d947aa38-dd6f-483d-9231-e87d323ffe87, status: 1, update_time: 1684992842483
2023-05-25 13:34:02	INFO	statemachine/order_create.go:56	 create_upload_order, order_id: f3be08ab-5964-45ec-86c3-3226805845f1, status: 1, update_time: 1684992842827
2023-05-25 13:34:03	INFO	statemachine/order_create.go:56	 create_upload_order, order_id: 380c02e3-e7e6-4a41-87b9-53fac6259d93, status: 1, update_time: 1684992843172
2023-05-25 13:34:03	INFO	statemachine/order_create.go:56	 create_upload_order, order_id: 871ac241-696b-497d-a49a-ecccc510373b, status: 1, update_time: 1684992843513
2023-05-25 13:34:03	INFO	statemachine/order_create.go:56	 create_upload_order, order_id: e614abdb-203c-4f17-ad5c-fd537558b9cc, status: 1, update_time: 1684992843856
2023-05-25 13:34:04	INFO	statemachine/order_create.go:56	 create_upload_order, order_id: e7773e40-c1f8-4f04-9169-ad17089dd56d, status: 1, update_time: 1684992844197
2023-05-25 13:34:04	INFO	statemachine/order_create.go:56	 create_upload_order, order_id: 069c060f-dffe-4d23-a97b-8fc405cd3697, status: 1, update_time: 1684992844537
2023-05-25 13:34:04	INFO	statemachine/order_create.go:56	 create_upload_order, order_id: 422ee357-6f2b-41b0-8396-ac03f081d641, status: 1, update_time: 1684992844878
2023-05-25 13:34:05	INFO	statemachine/order_create.go:56	 create_upload_order, order_id: f9e33283-82f4-43e5-b40d-e729863a47d0, status: 1, update_time: 1684992845223
2023-05-25 13:34:05	INFO	statemachine/order_create.go:56	 create_upload_order, order_id: 9d79ed47-8d4b-4a77-829e-e2abbb4e1bb2, status: 1, update_time: 1684992845566
2023-05-25 13:34:05	INFO	statemachine/order_create.go:56	 create_upload_order, order_id: b83b99e6-9e66-4fb2-a9e7-443c458988bf, status: 1, update_time: 1684992845907
2023-05-25 13:34:06	INFO	statemachine/order_create.go:56	 create_upload_order, order_id: 3c31ec2f-4f9c-4681-8e8d-f4de0b0c611b, status: 1, update_time: 1684992846254
2023-05-25 13:34:06	INFO	statemachine/order_create.go:56	 create_upload_order, order_id: 4f5b7eed-e3c8-4f20-ba14-6f30a257bde9, status: 1, update_time: 1684992846593
2023-05-25 13:34:06	INFO	statemachine/order_create.go:56	 create_upload_order, order_id: d057c567-faec-49c0-929b-3c3b5a52c544, status: 1, update_time: 1684992846935
2023-05-25 13:34:07	INFO	statemachine/order_create.go:56	 create_upload_order, order_id: ba55f615-afa4-4990-8e1e-63a3c13a70cd, status: 1, update_time: 1684992847280
2023-05-25 13:34:07	INFO	statemachine/order_create.go:56	 create_upload_order, order_id: e2abf6b8-a862-4d1d-94fb-b7f86cda3f72, status: 1, update_time: 1684992847622
2023-05-25 13:34:08	INFO	statemachine/order_create.go:56	 create_upload_order, order_id: 191e7720-1b2c-42b0-989b-551a29bd6ac1, status: 1, update_time: 1684992847967
2023-05-25 13:34:08	INFO	statemachine/order_create.go:56	 create_upload_order, order_id: 8d3decd7-5c8e-430b-b0bf-dfcc5d65c6ec, status: 1, update_time: 1684992848307
2023-05-25 13:34:08	INFO	statemachine/order_create.go:56	 create_upload_order, order_id: f5c83250-1363-44e8-b083-a6a30ff73804, status: 1, update_time: 1684992848651
2023-05-25 13:34:09	INFO	statemachine/order_create.go:56	 create_upload_order, order_id: bc7d0dda-e3f6-4d3a-b3bf-15523f2a2cf7, status: 1, update_time: 1684992848991
2023-05-25 13:34:09	INFO	statemachine/order_create.go:56	 create_upload_order, order_id: 74eb02f7-32cf-4682-a9ab-435f40c10b86, status: 1, update_time: 1684992849338
2023-05-25 13:34:09	INFO	statemachine/order_create.go:56	 create_upload_order, order_id: e94d042d-2bb0-488c-ac9b-fc2123ba019f, status: 1, update_time: 1684992849682
2023-05-25 13:34:10	INFO	statemachine/order_create.go:56	 create_upload_order, order_id: e5df6fa0-7c06-4262-b0fe-689c22d98d2e, status: 1, update_time: 1684992850027
2023-05-25 13:34:10	INFO	statemachine/order_create.go:56	 create_upload_order, order_id: 2a531503-0688-4d67-980d-65c3e4ab2f99, status: 1, update_time: 1684992850367
2023-05-25 13:34:10	INFO	statemachine/order_create.go:56	 create_upload_order, order_id: e1b13faf-9760-44d0-8b5c-4ceaad3e310d, status: 1, update_time: 1684992850709
2023-05-25 13:34:11	INFO	statemachine/order_create.go:56	 create_upload_order, order_id: fd7f3ff2-bf61-406e-aa41-b569c746a87f, status: 1, update_time: 1684992851055
2023-05-25 13:34:11	INFO	statemachine/order_create.go:56	 create_upload_order, order_id: 6a7fafbc-46d4-4005-9c8a-56db9e14f3a9, status: 1, update_time: 1684992851395
2023-05-25 13:34:11	INFO	statemachine/order_create.go:56	 create_upload_order, order_id: b1b3b257-004a-4ea2-8a58-ed291b6c2c59, status: 1, update_time: 1684992851737
2023-05-25 13:34:12	INFO	statemachine/order_create.go:56	 create_upload_order, order_id: b2f3185e-1d8a-454a-8e22-799bb28c7e6e, status: 1, update_time: 1684992852078
2023-05-25 13:34:12	INFO	statemachine/order_create.go:56	 create_upload_order, order_id: 544651f2-c048-4391-a0ef-a95dd9d82519, status: 1, update_time: 1684992852417
2023-05-25 13:34:12	INFO	statemachine/order_create.go:56	 create_upload_order, order_id: 42e0af08-1bfc-4512-b741-a47afbb6edc6, status: 1, update_time: 1684992852761
2023-05-25 13:34:13	INFO	statemachine/order_create.go:56	 create_upload_order, order_id: 040375a7-9070-4dc5-aa25-0908e2f97767, status: 1, update_time: 1684992853101
2023-05-25 13:34:13	INFO	statemachine/order_create.go:56	 create_upload_order, order_id: 5de7b5b5-5d99-4814-9bf5-2ffb8fc59618, status: 1, update_time: 1684992853438
2023-05-25 13:34:13	INFO	statemachine/order_create.go:56	 create_upload_order, order_id: 88e5291d-5ae0-4f60-aa86-ea2a5fce9f67, status: 1, update_time: 1684992853785
2023-05-25 13:34:14	INFO	statemachine/order_create.go:56	 create_upload_order, order_id: b5759aaa-d7cb-49e9-a9e5-cceb93427701, status: 1, update_time: 1684992854129
2023-05-25 13:34:14	INFO	statemachine/order_create.go:56	 create_upload_order, order_id: 3b20511a-3bb5-4337-b4f5-d20aea9341ed, status: 1, update_time: 1684992854470
2023-05-25 13:34:14	INFO	statemachine/order_create.go:56	 create_upload_order, order_id: 13fd332c-c9dc-4f23-afbf-383fb9716c86, status: 1, update_time: 1684992854815
2023-05-25 13:34:15	INFO	statemachine/order_create.go:56	 create_upload_order, order_id: 7c19bbeb-8aed-4084-b165-13cc340b878b, status: 1, update_time: 1684992855160
2023-05-25 13:34:15	INFO	statemachine/order_create.go:56	 create_upload_order, order_id: 1d43551d-b506-411a-9ff9-a7f6e966ac2c, status: 1, update_time: 1684992855502
2023-05-25 13:34:15	INFO	statemachine/order_create.go:56	 create_upload_order, order_id: 3ce3e865-11bb-4fbd-86dd-0eada69776b6, status: 1, update_time: 1684992855845
2023-05-25 13:34:16	INFO	statemachine/order_create.go:56	 create_upload_order, order_id: c347922e-075a-4b57-9da2-b6c7e55c949c, status: 1, update_time: 1684992856189
2023-05-25 13:34:16	INFO	statemachine/order_create.go:56	 create_upload_order, order_id: 0174371f-f757-4fde-bc38-bd67558cc79c, status: 1, update_time: 1684992856529
2023-05-25 13:34:16	INFO	statemachine/order_create.go:56	 create_upload_order, order_id: d6a40a5d-e84d-405b-9d27-82de0fa886ca, status: 1, update_time: 1684992856865
2023-05-25 13:34:17	INFO	statemachine/order_create.go:56	 create_upload_order, order_id: cd09e1e2-9d80-498a-a2f1-ac263d5c9ebb, status: 1, update_time: 1684992857209
2023-05-25 13:34:17	INFO	statemachine/order_create.go:56	 create_upload_order, order_id: 3dbffb5f-92c4-43e8-a16e-272f3e313774, status: 1, update_time: 1684992857546
2023-05-25 13:34:17	INFO	statemachine/order_create.go:56	 create_upload_order, order_id: fa67bbdb-5eb5-4149-b064-1c628452b048, status: 1, update_time: 1684992857888
2023-05-25 13:34:18	INFO	statemachine/order_create.go:56	 create_upload_order, order_id: 7329a222-22a9-4316-8ba9-63ff7b61211a, status: 1, update_time: 1684992858231
2023-05-25 13:34:18	INFO	statemachine/order_create.go:56	 create_upload_order, order_id: b524bb64-d901-41a3-840a-a2f1eb4a11e6, status: 1, update_time: 1684992858580
2023-05-25 13:34:18	INFO	statemachine/order_create.go:56	 create_upload_order, order_id: b74e3607-8a53-4b4c-ac66-856b84f9c245, status: 1, update_time: 1684992858925
2023-05-25 13:34:19	INFO	statemachine/order_create.go:56	 create_upload_order, order_id: dbc4dab4-067c-4450-b6a6-975ce22c6b9d, status: 1, update_time: 1684992859264
2023-05-25 13:34:19	INFO	statemachine/order_create.go:56	 create_upload_order, order_id: 8ba5e892-61f0-41ad-95f9-53d1cc62ecb2, status: 1, update_time: 1684992859611
2023-05-25 13:34:19	INFO	statemachine/order_create.go:56	 create_upload_order, order_id: 3a6bb3a5-28b8-4dc0-a1ed-be0fd0f1286b, status: 1, update_time: 1684992859954
2023-05-25 13:34:20	INFO	statemachine/order_create.go:56	 create_upload_order, order_id: 641746e4-62b6-4f13-af3b-cb15ab11f542, status: 1, update_time: 1684992860296
2023-05-25 13:34:20	INFO	statemachine/order_create.go:56	 create_upload_order, order_id: 1dd0cae8-3d3f-4680-9550-7cafe0f3898a, status: 1, update_time: 1684992860636
2023-05-25 13:34:21	INFO	statemachine/order_create.go:56	 create_upload_order, order_id: 99b7b077-e2c9-47ce-a546-b624702a6187, status: 1, update_time: 1684992860977
2023-05-25 13:34:21	INFO	statemachine/order_create.go:56	 create_upload_order, order_id: 5fc37de4-f5f5-4792-be02-77ae40cbc5cf, status: 1, update_time: 1684992861325
2023-05-25 13:34:21	INFO	statemachine/order_create.go:56	 create_upload_order, order_id: ef3bcb52-31a4-4e79-aba0-702ccd1d1ce2, status: 1, update_time: 1684992861668
2023-05-25 13:34:22	INFO	statemachine/order_create.go:56	 create_upload_order, order_id: f7430b27-b9c8-4f96-93cb-0dd25d166569, status: 1, update_time: 1684992862013
2023-05-25 13:34:22	INFO	statemachine/order_create.go:56	 create_upload_order, order_id: 2d4f0fdb-4f3e-42eb-8e00-8ab074147b57, status: 1, update_time: 1684992862356
2023-05-25 13:34:22	INFO	statemachine/order_create.go:56	 create_upload_order, order_id: be71da94-3d88-4925-bafd-fe0973a74086, status: 1, update_time: 1684992862698
2023-05-25 13:34:23	INFO	statemachine/order_create.go:56	 create_upload_order, order_id: bd2e2268-036f-470d-86ad-bf2fb19d5fbd, status: 1, update_time: 1684992863041
2023-05-25 13:34:23	INFO	statemachine/order_create.go:56	 create_upload_order, order_id: 6c2c3443-d216-4116-864a-546d8bf26a4d, status: 1, update_time: 1684992863382
2023-05-25 13:34:23	INFO	statemachine/order_create.go:56	 create_upload_order, order_id: 0db8d20d-3b94-46ab-ad30-11c2e8b645e6, status: 1, update_time: 1684992863724
2023-05-25 13:34:24	INFO	statemachine/order_create.go:56	 create_upload_order, order_id: c26f5e46-55eb-47c0-8668-54bf4b9bf1d2, status: 1, update_time: 1684992864071
2023-05-25 13:34:24	INFO	statemachine/order_create.go:56	 create_upload_order, order_id: 25351d0d-7551-4260-97d2-f1c05fd35af5, status: 1, update_time: 1684992864416
2023-05-25 13:34:24	INFO	statemachine/order_create.go:56	 create_upload_order, order_id: 89cdf8bb-2fc1-43f8-bf27-5740935ea110, status: 1, update_time: 1684992864762
2023-05-25 13:34:25	INFO	statemachine/order_create.go:56	 create_upload_order, order_id: afbc29f4-abf3-4ac8-ad31-ad28908ad5ff, status: 1, update_time: 1684992865111
2023-05-25 13:34:25	INFO	statemachine/order_create.go:56	 create_upload_order, order_id: 9aa35812-a07e-46fd-a5c0-3ff3f011be7f, status: 1, update_time: 1684992865451
2023-05-25 13:34:25	INFO	statemachine/order_create.go:56	 create_upload_order, order_id: 3b72decd-8c2f-4508-b339-585d8fc350e0, status: 1, update_time: 1684992865795
2023-05-25 13:34:26	INFO	statemachine/order_create.go:56	 create_upload_order, order_id: 9586990a-9d77-430f-af5d-ee0dc1380199, status: 1, update_time: 1684992866138
2023-05-25 13:34:26	INFO	statemachine/order_create.go:56	 create_upload_order, order_id: f194a255-a4c8-4785-9735-7c7378c507cc, status: 1, update_time: 1684992866490
2023-05-25 13:34:26	INFO	statemachine/order_create.go:56	 create_upload_order, order_id: a874f0ba-2f5f-4a41-a12c-e4f7df5886c5, status: 1, update_time: 1684992866835
2023-05-25 13:34:27	INFO	statemachine/order_create.go:56	 create_upload_order, order_id: 0b24d9d1-1ff9-43f2-b0b0-64671469a8f8, status: 1, update_time: 1684992867174
2023-05-25 13:34:27	INFO	statemachine/order_create.go:56	 create_upload_order, order_id: c8078982-5910-4604-9d28-4f39a98ec53a, status: 1, update_time: 1684992867515
2023-05-25 13:34:27	INFO	statemachine/order_create.go:56	 create_upload_order, order_id: c8e38eac-8a0d-44f0-9533-88820f51753c, status: 1, update_time: 1684992867858
2023-05-25 13:34:28	INFO	statemachine/order_create.go:56	 create_upload_order, order_id: cb304c2a-646e-4f15-9342-77af090bdef8, status: 1, update_time: 1684992868199
